<?xml version="1.0" encoding="utf-8" standalone="no"?>
<!--This file represents the results of running a test suite-->
<test-results name="D:\Sources\EPAM.BSU.01.2016.Zikov.04\Task3Tests\bin\Debug\Task3Tests.dll" total="13" errors="0" failures="0" not-run="0" inconclusive="0" ignored="0" skipped="0" invalid="0" date="2016-03-21" time="22:24:01">
  <environment nunit-version="2.6.4.14350" clr-version="2.0.50727.8662" os-version="Microsoft Windows NT 6.2.9200.0" platform="Win32NT" cwd="C:\Program Files (x86)\NUnit 2.6.4\bin" machine-name="CORTANASUCKS" user="Konstantin" user-domain="CortanaSucks" />
  <culture-info current-culture="en-US" current-uiculture="en-US" />
  <test-suite type="Assembly" name="D:\Sources\EPAM.BSU.01.2016.Zikov.04\Task3Tests\bin\Debug\Task3Tests.dll" executed="True" result="Success" success="True" time="0.074" asserts="0">
    <results>
      <test-suite type="Namespace" name="Task3Tests" executed="True" result="Success" success="True" time="0.073" asserts="0">
        <results>
          <test-suite type="TestFixture" name="CourseTests" executed="True" result="Success" success="True" time="0.048" asserts="0">
            <results>
              <test-case name="Task3Tests.CourseTests.Constructor_finishDateLessThenStartDate_ArgumentException" executed="True" result="Success" success="True" time="0.004" asserts="0" />
              <test-case name="Task3Tests.CourseTests.Constructor_SomeValues_CreatedCorrectly" executed="True" result="Success" success="True" time="0.012" asserts="3" />
              <test-case name="Task3Tests.CourseTests.Equals_EqualCourse_True" executed="True" result="Success" success="True" time="0.001" asserts="1" />
              <test-case name="Task3Tests.CourseTests.Equals_NotEqualCourse_False" executed="True" result="Success" success="True" time="0.000" asserts="1" />
              <test-case name="Task3Tests.CourseTests.Equals_Object_False" executed="True" result="Success" success="True" time="0.000" asserts="1" />
              <test-case name="Task3Tests.CourseTests.GetHashCode_Nothing_HashesOfEqualCoursesAreEqual" executed="True" result="Success" success="True" time="0.003" asserts="1" />
              <test-case name="Task3Tests.CourseTests.GetHashCode_Nothing_HashesOfNotEqualPersonsAreNotEqual" executed="True" result="Success" success="True" time="0.008" asserts="1" />
            </results>
          </test-suite>
          <test-suite type="TestFixture" name="PersonTests" executed="True" result="Success" success="True" time="0.021" asserts="0">
            <results>
              <test-case name="Task3Tests.PersonTests.Constructor_SomeValues_CreatedCorrectly" executed="True" result="Success" success="True" time="0.001" asserts="3" />
              <test-case name="Task3Tests.PersonTests.Equals_EqualPerson_True" executed="True" result="Success" success="True" time="0.001" asserts="1" />
              <test-case name="Task3Tests.PersonTests.Equals_NotEqualPerson_False" executed="True" result="Success" success="True" time="0.000" asserts="1" />
              <test-case name="Task3Tests.PersonTests.Equals_Object_False" executed="True" result="Success" success="True" time="0.001" asserts="1" />
              <test-case name="Task3Tests.PersonTests.GetHashCode_Nothing_HashesOfEqualPersonsAreEqual" executed="True" result="Success" success="True" time="0.001" asserts="1" />
              <test-case name="Task3Tests.PersonTests.GetHashCode_Nothing_HashesOfNotEqualPersonsAreNotEqual" executed="True" result="Success" success="True" time="0.000" asserts="1" />
            </results>
          </test-suite>
        </results>
      </test-suite>
    </results>
  </test-suite>
</test-results>