<?xml version="1.0" encoding="utf-8" standalone="no"?>
<!--This file represents the results of running a test suite-->
<test-results name="D:\Sources\EPAM.BSU.01.2016.Zikov.04\Task2Tests\bin\Debug\Task2Tests.dll" total="21" errors="0" failures="0" not-run="0" inconclusive="0" ignored="0" skipped="0" invalid="0" date="2016-03-20" time="21:06:30">
  <environment nunit-version="2.6.4.14350" clr-version="2.0.50727.8662" os-version="Microsoft Windows NT 6.2.9200.0" platform="Win32NT" cwd="C:\Program Files (x86)\NUnit 2.6.4\bin" machine-name="CORTANASUCKS" user="Konstantin" user-domain="CortanaSucks" />
  <culture-info current-culture="en-US" current-uiculture="en-US" />
  <test-suite type="Assembly" name="D:\Sources\EPAM.BSU.01.2016.Zikov.04\Task2Tests\bin\Debug\Task2Tests.dll" executed="True" result="Success" success="True" time="0.232" asserts="0">
    <results>
      <test-suite type="Namespace" name="Task2Tests" executed="True" result="Success" success="True" time="0.221" asserts="0">
        <results>
          <test-suite type="TestFixture" name="CircleTests" executed="True" result="Success" success="True" time="0.135" asserts="0">
            <results>
              <test-case name="Task2Tests.CircleTests.Constructor_Radius_CreatedCorrectly" executed="True" result="Success" success="True" time="0.114" asserts="3" />
              <test-case name="Task2Tests.CircleTests.Constructor_RadiusLessThenZero_Excpetion" executed="True" result="Success" success="True" time="0.004" asserts="0" />
              <test-case name="Task2Tests.CircleTests.Perimeter_Nothing_CalculatedCorrectly" executed="True" result="Success" success="True" time="0.001" asserts="1" />
            </results>
          </test-suite>
          <test-suite type="TestFixture" name="EllipseTests" executed="True" result="Success" success="True" time="0.020" asserts="0">
            <results>
              <test-case name="Task2Tests.EllipseTests.Area_Nothing_CalculatedCorrectly" executed="True" result="Success" success="True" time="0.000" asserts="1" />
              <test-case name="Task2Tests.EllipseTests.Constructor_AandB_CreatedCorrectly" executed="True" result="Success" success="True" time="0.000" asserts="2" />
              <test-case name="Task2Tests.EllipseTests.Constructor_ALessThenZero_Excpetion" executed="True" result="Success" success="True" time="0.001" asserts="0" />
              <test-case name="Task2Tests.EllipseTests.Constructor_BLessThenZero_Excpetion" executed="True" result="Success" success="True" time="0.001" asserts="0" />
              <test-case name="Task2Tests.EllipseTests.Perimeter_Nothing_CalculatedCorrectly" executed="True" result="Success" success="True" time="0.001" asserts="1" />
            </results>
          </test-suite>
          <test-suite type="TestFixture" name="RectangleTests" executed="True" result="Success" success="True" time="0.017" asserts="0">
            <results>
              <test-case name="Task2Tests.RectangleTests.Area_Nothing_CalculatedCorrectly" executed="True" result="Success" success="True" time="0.001" asserts="1" />
              <test-case name="Task2Tests.RectangleTests.Constructor_HeightLessThenZero_Excpetion" executed="True" result="Success" success="True" time="0.001" asserts="0" />
              <test-case name="Task2Tests.RectangleTests.Constructor_WidthAndHeight_CreatedCorrectly" executed="True" result="Success" success="True" time="0.000" asserts="2" />
              <test-case name="Task2Tests.RectangleTests.Constructor_WidthLessThenZero_Excpetion" executed="True" result="Success" success="True" time="0.001" asserts="0" />
              <test-case name="Task2Tests.RectangleTests.Perimeter_Nothing_CalculatedCorrectly" executed="True" result="Success" success="True" time="0.001" asserts="1" />
            </results>
          </test-suite>
          <test-suite type="TestFixture" name="SquareTests" executed="True" result="Success" success="True" time="0.006" asserts="0">
            <results>
              <test-case name="Task2Tests.SquareTests.Constructor_Side_CreatedCorrectly" executed="True" result="Success" success="True" time="0.001" asserts="3" />
              <test-case name="Task2Tests.SquareTests.Constructor_SideLessThenZero_Excpetion" executed="True" result="Success" success="True" time="0.001" asserts="0" />
            </results>
          </test-suite>
          <test-suite type="TestFixture" name="TriangleTests" executed="True" result="Success" success="True" time="0.025" asserts="0">
            <results>
              <test-case name="Task2Tests.TriangleTests.Area_Nothing_CalculatedCorrectly" executed="True" result="Success" success="True" time="0.002" asserts="1" />
              <test-case name="Task2Tests.TriangleTests.Constructor_ABC_CreatedCorrectly" executed="True" result="Success" success="True" time="0.000" asserts="3" />
              <test-suite type="ParameterizedTest" name="Constructor_SideLessThenZero_Excpetion" executed="True" result="Success" success="True" time="0.011" asserts="0">
                <results>
                  <test-case name="Task2Tests.TriangleTests.Constructor_SideLessThenZero_Excpetion(-4,3,2)" executed="True" result="Success" success="True" time="0.001" asserts="0" />
                  <test-case name="Task2Tests.TriangleTests.Constructor_SideLessThenZero_Excpetion(4,-3,2)" executed="True" result="Success" success="True" time="0.001" asserts="0" />
                  <test-case name="Task2Tests.TriangleTests.Constructor_SideLessThenZero_Excpetion(4,3,-2)" executed="True" result="Success" success="True" time="0.001" asserts="0" />
                </results>
              </test-suite>
              <test-case name="Task2Tests.TriangleTests.Perimeter_Nothing_CalculatedCorrectly" executed="True" result="Success" success="True" time="0.000" asserts="1" />
            </results>
          </test-suite>
        </results>
      </test-suite>
    </results>
  </test-suite>
</test-results>